<?xml version="1.0" encoding="UTF-8"?>
<testng-results skipped="0" failed="0" ignored="0" total="1" passed="1">
  <reporter-output>
  </reporter-output>
  <suite name="Suite" duration-ms="31227" started-at="2018-02-03T03:19:23Z" finished-at="2018-02-03T03:19:55Z">
    <groups>
    </groups>
    <test name="Test" duration-ms="31227" started-at="2018-02-03T03:19:23Z" finished-at="2018-02-03T03:19:55Z">
      <class name="com.Testcases.LoginTest">
        <test-method status="PASS" signature="User_Login()[pri:0, instance:com.Testcases.LoginTest@1ebec15]" name="User_Login" duration-ms="29539" started-at="2018-02-03T08:49:25Z" finished-at="2018-02-03T08:49:55Z">
          <reporter-output>
          </reporter-output>
        </test-method> <!-- User_Login -->
      </class> <!-- com.Testcases.LoginTest -->
    </test> <!-- Test -->
  </suite> <!-- Suite -->
</testng-results>
