<?xml version="1.0" encoding="UTF-8"?>
<testng-results skipped="0" failed="0" ignored="0" total="1" passed="1">
  <reporter-output>
  </reporter-output>
  <suite name="Suite" duration-ms="97" started-at="2018-01-09T15:00:02Z" finished-at="2018-01-09T15:00:02Z">
    <groups>
    </groups>
    <test name="Test" duration-ms="97" started-at="2018-01-09T15:00:02Z" finished-at="2018-01-09T15:00:02Z">
      <class name="com.Testcases.LoginTest">
        <test-method status="PASS" signature="User_Login()[pri:0, instance:com.Testcases.LoginTest@13b32d7]" name="User_Login" duration-ms="32" started-at="2018-01-09T20:30:02Z" finished-at="2018-01-09T20:30:02Z">
          <reporter-output>
          </reporter-output>
        </test-method> <!-- User_Login -->
      </class> <!-- com.Testcases.LoginTest -->
    </test> <!-- Test -->
  </suite> <!-- Suite -->
</testng-results>
